2026-05-01 21:57:37,067 [INFO] Starting search for: 'iphone 17'
2026-05-01 21:57:42,742 [INFO] patching driver executable C:\Users\omar2\appdata\roaming\undetected_chromedriver\undetected_chromedriver.exe
2026-05-01 21:57:49,523 [INFO] [Jumia] Found 1 result(s)
2026-05-01 21:58:03,812 [WARNING] [Noon] No results
2026-05-01 21:58:16,999 [INFO] [Amazon] Found 1 result(s)
2026-05-01 21:58:24,133 [INFO] [eBay] Found 1 result(s)
2026-05-01 21:58:34,890 [WARNING] [Newegg] No results
2026-05-01 21:58:46,993 [WARNING] [BestBuy] No results
2026-05-01 21:59:22,090 [INFO] [Walmart] Found 1 result(s)
2026-05-01 21:59:27,435 [INFO] Browser closed.
2026-05-01 21:59:28,641 [INFO] Updated USD/EGP rate: 53.62
2026-05-01 21:59:28,645 [WARNING] Telegram not configured. Set TELEGRAM_BOT_TOKEN and TELEGRAM_CHAT_ID
2026-05-01 21:59:28,647 [WARNING] Email not configured. Set EMAIL_SENDER, EMAIL_PASSWORD, etc.
2026-05-01 21:59:30,005 [INFO] Chart saved to: C:\Users\omar2\PycharmProjects\PythonProject14\results_iphone_17.png
2026-05-01 21:59:50,128 [ERROR] Heatmap failed (preserving existing code): module 'best_buy' has no attribute '_draw_heatmap'
2026-05-01 22:00:30,824 [INFO] Network graph saved to price_network.png
2026-05-01 22:00:31,473 [INFO] 3D plot saved to price_3d.html
2026-05-01 22:10:14,657 [INFO] Starting search for: 'realme C53'
2026-05-01 22:10:18,794 [INFO] patching driver executable C:\Users\omar2\appdata\roaming\undetected_chromedriver\undetected_chromedriver.exe
2026-05-01 22:10:25,512 [INFO] [Jumia] Found 1 result(s)
2026-05-01 22:10:39,809 [WARNING] [Noon] No results
2026-05-01 22:10:52,479 [INFO] [Amazon] Found 1 result(s)
2026-05-01 22:11:01,717 [INFO] [eBay] Found 1 result(s)
2026-05-01 22:11:11,623 [WARNING] [Newegg] No results
2026-05-01 22:11:21,778 [WARNING] [BestBuy] No results
2026-05-01 22:11:33,293 [INFO] [Walmart] Found 1 result(s)
2026-05-01 22:11:38,964 [INFO] Browser closed.
2026-05-01 22:11:38,966 [WARNING] Telegram not configured. Set TELEGRAM_BOT_TOKEN and TELEGRAM_CHAT_ID
2026-05-01 22:11:38,966 [WARNING] Email not configured. Set EMAIL_SENDER, EMAIL_PASSWORD, etc.
2026-05-01 22:11:40,220 [INFO] Chart saved to: C:\Users\omar2\PycharmProjects\PythonProject14\results_realme_C53.png
2026-05-01 22:12:09,790 [ERROR] Heatmap failed: module 'best_buy' has no attribute '_draw_heatmap'
2026-05-01 22:12:29,594 [INFO] Network graph saved to price_network.png
2026-05-01 22:12:30,140 [INFO] 3D plot saved to price_3d.html
2026-05-01 22:15:26,931 [INFO] Starting search for: 'هحاخىث 15'
2026-05-01 22:15:30,629 [INFO] patching driver executable C:\Users\omar2\appdata\roaming\undetected_chromedriver\undetected_chromedriver.exe
2026-05-01 22:15:45,469 [WARNING] [Jumia] No results
2026-05-01 22:16:00,216 [WARNING] [Noon] No results
2026-05-01 22:16:10,394 [INFO] [Amazon] Found 1 result(s)
2026-05-01 22:16:21,014 [INFO] [eBay] Found 1 result(s)
2026-05-01 22:16:31,500 [WARNING] [Newegg] No results
2026-05-01 22:16:42,282 [WARNING] [BestBuy] No results
2026-05-01 22:16:50,079 [WARNING] [Walmart] No results
2026-05-01 22:16:55,299 [INFO] Browser closed.
2026-05-01 22:16:55,304 [WARNING] Telegram not configured. Set TELEGRAM_BOT_TOKEN and TELEGRAM_CHAT_ID
2026-05-01 22:16:55,304 [WARNING] Email not configured. Set EMAIL_SENDER, EMAIL_PASSWORD, etc.
2026-05-01 22:16:56,405 [INFO] Chart saved to: C:\Users\omar2\PycharmProjects\PythonProject14\results_هحاخىث_15.png
2026-05-01 22:17:06,017 [ERROR] Heatmap failed: module 'best_buy' has no attribute '_draw_heatmap'
2026-05-01 22:17:11,240 [INFO] Network graph saved to price_network.png
2026-05-01 22:17:11,813 [INFO] 3D plot saved to price_3d.html
2026-05-01 22:17:53,784 [WARNING] Login failed: username 'omar' not found.
2026-05-01 22:18:13,950 [INFO] User 'omar' registered successfully.
2026-05-01 22:18:13,950 [WARNING] Telegram not configured. Set TELEGRAM_BOT_TOKEN and TELEGRAM_CHAT_ID
2026-05-01 22:18:13,951 [WARNING] Email not configured. Set EMAIL_SENDER, EMAIL_PASSWORD, etc.
2026-05-01 22:18:19,900 [INFO] Starting search for: 'iphone 17' (user: omar)
2026-05-01 22:18:24,450 [INFO] patching driver executable C:\Users\omar2\appdata\roaming\undetected_chromedriver\undetected_chromedriver.exe
2026-05-01 22:18:31,124 [INFO] [Jumia] Found 1 result(s)
2026-05-01 22:18:45,641 [WARNING] [Noon] No results
2026-05-01 22:18:58,978 [INFO] [Amazon] Found 1 result(s)
2026-05-01 22:19:04,278 [INFO] [eBay] Found 1 result(s)
2026-05-01 22:19:14,765 [WARNING] [Newegg] No results
2026-05-01 22:19:24,746 [WARNING] [BestBuy] No results
2026-05-01 22:19:30,492 [INFO] [Walmart] Found 1 result(s)
2026-05-01 22:19:36,174 [INFO] Browser closed.
2026-05-01 22:19:36,181 [WARNING] Telegram not configured. Set TELEGRAM_BOT_TOKEN and TELEGRAM_CHAT_ID
2026-05-01 22:19:36,181 [WARNING] Email not configured. Set EMAIL_SENDER, EMAIL_PASSWORD, etc.
2026-05-01 22:19:37,446 [INFO] Chart saved to: C:\Users\omar2\PycharmProjects\PythonProject14\results_iphone_17.png
2026-05-01 22:19:51,143 [ERROR] Heatmap failed: module 'best_buy' has no attribute '_draw_heatmap'
2026-05-01 22:19:55,284 [INFO] Network graph saved to price_network.png
2026-05-01 22:19:55,846 [INFO] 3D plot saved to price_3d.html
2026-05-01 22:20:34,977 [INFO] User 'omar' logged in successfully.
2026-05-01 22:20:34,977 [WARNING] Telegram not configured. Set TELEGRAM_BOT_TOKEN and TELEGRAM_CHAT_ID
2026-05-01 22:20:34,977 [WARNING] Email not configured. Set EMAIL_SENDER, EMAIL_PASSWORD, etc.
2026-05-01 22:40:52,035 [WARNING] Registration failed: username 'omar' already exists.
2026-05-01 22:41:09,448 [INFO] User 'omar' logged in successfully.
2026-05-01 22:41:14,728 [ERROR] Email send failed: {'zpao': (553, b'5.1.3 The recipient address <zpao> is not a valid RFC 5321 address. For more\n5.1.3 information, go to\n5.1.3  https://support.google.com/a/answer/3221692 and review RFC 5321\n5.1.3 specifications. 5b1f17b1804b1-48a82308d77sm172452045e9.14 - gsmtp')}
2026-05-01 22:41:46,019 [INFO] Starting search for: 'iphone 17' (user: omar)
2026-05-01 22:41:50,117 [INFO] patching driver executable C:\Users\omar2\appdata\roaming\undetected_chromedriver\undetected_chromedriver.exe
2026-05-01 22:41:56,522 [INFO] [Jumia] Found 1 result(s)
2026-05-01 22:42:11,192 [WARNING] [Noon] No results
2026-05-01 22:42:24,869 [INFO] [Amazon] Found 1 result(s)
2026-05-01 22:42:30,103 [INFO] [eBay] Found 1 result(s)
2026-05-01 22:42:40,373 [WARNING] [Newegg] No results
2026-05-01 22:42:50,090 [WARNING] [BestBuy] No results
2026-05-01 22:42:54,959 [INFO] [Walmart] Found 1 result(s)
2026-05-01 22:43:00,362 [INFO] Browser closed.
2026-05-01 22:43:03,718 [ERROR] Email send failed: {'zpao': (553, b'5.1.3 The recipient address <zpao> is not a valid RFC 5321 address. For more\n5.1.3 information, go to\n5.1.3  https://support.google.com/a/answer/3221692 and review RFC 5321\n5.1.3 specifications. ffacd0b85a97d-44a8ea7d0besm6697045f8f.4 - gsmtp')}
2026-05-01 22:43:04,629 [INFO] Chart saved to: C:\Users\omar2\PycharmProjects\PythonProject14\results_iphone_17.png
2026-05-01 22:43:55,323 [ERROR] Heatmap failed: module 'best_buy' has no attribute '_draw_heatmap'
2026-05-01 22:43:57,926 [INFO] Network graph saved to price_network.png
2026-05-01 22:43:59,232 [INFO] 3D plot saved to price_3d.html
2026-05-01 22:46:52,435 [INFO] User 'omar' logged in successfully.
2026-05-01 22:46:56,595 [INFO] Email alert sent.
2026-05-01 22:47:13,572 [INFO] Starting search for: 'iphone 17' (user: omar)
2026-05-01 22:47:17,229 [INFO] patching driver executable C:\Users\omar2\appdata\roaming\undetected_chromedriver\undetected_chromedriver.exe
2026-05-01 22:47:24,208 [INFO] [Jumia] Found 1 result(s)
2026-05-01 22:47:38,123 [WARNING] [Noon] No results
2026-05-01 22:47:50,657 [INFO] [Amazon] Found 1 result(s)
2026-05-01 22:47:55,586 [INFO] [eBay] Found 1 result(s)
2026-05-01 22:48:05,457 [WARNING] [Newegg] No results
2026-05-01 22:48:15,386 [WARNING] [BestBuy] No results
2026-05-01 22:48:20,752 [INFO] [Walmart] Found 1 result(s)
2026-05-01 22:48:26,036 [INFO] Browser closed.
2026-05-01 22:48:30,613 [INFO] Email alert sent.
2026-05-01 22:48:31,559 [INFO] Chart saved to: C:\Users\omar2\PycharmProjects\PythonProject14\results_iphone_17.png
2026-05-01 22:48:35,650 [ERROR] Heatmap failed: module 'best_buy' has no attribute '_draw_heatmap'
2026-05-01 22:48:40,506 [INFO] Network graph saved to price_network.png
2026-05-01 22:48:40,922 [INFO] 3D plot saved to price_3d.html
2026-05-01 22:49:30,463 [INFO] User 'omar' logged in successfully.
2026-05-01 22:49:35,480 [INFO] Email alert sent.
2026-05-01 22:50:12,032 [INFO] Starting search for: 'mac poc air m4' (user: omar)
2026-05-01 22:50:15,548 [INFO] patching driver executable C:\Users\omar2\appdata\roaming\undetected_chromedriver\undetected_chromedriver.exe
2026-05-01 22:50:31,983 [WARNING] [Jumia] No results
2026-05-01 22:50:48,232 [WARNING] [Noon] No results
2026-05-01 22:50:58,045 [INFO] [Amazon] Found 1 result(s)
2026-05-01 22:51:06,216 [INFO] [eBay] Found 1 result(s)
2026-05-01 22:51:16,641 [WARNING] [Newegg] No results
2026-05-01 22:51:26,806 [WARNING] [BestBuy] No results
2026-05-01 22:51:48,924 [INFO] [Walmart] Found 1 result(s)
2026-05-01 22:51:54,304 [INFO] Browser closed.
2026-05-01 22:51:58,343 [INFO] Email alert sent.
2026-05-01 22:51:59,206 [INFO] Chart saved to: C:\Users\omar2\PycharmProjects\PythonProject14\results_mac_poc_air_m4.png
2026-05-01 22:52:13,228 [ERROR] Heatmap failed: module 'best_buy' has no attribute '_draw_heatmap'
2026-05-01 22:52:24,677 [INFO] Network graph saved to price_network.png
2026-05-01 22:52:25,177 [INFO] 3D plot saved to price_3d.html
2026-05-02 02:54:16,165 [INFO] User 'matthew' registered successfully.
2026-05-02 02:54:19,986 [INFO] Email alert sent.
2026-05-02 02:55:11,304 [INFO] Starting search for: 'iphone 15' (user: matthew)
2026-05-02 02:55:19,250 [INFO] patching driver executable C:\Users\Mathew\appdata\roaming\undetected_chromedriver\undetected_chromedriver.exe
2026-05-02 02:55:25,995 [INFO] [Jumia] Found 1 result(s)
2026-05-02 02:55:39,602 [WARNING] [Noon] No results
2026-05-02 02:55:51,353 [INFO] [Amazon] Found 1 result(s)
2026-05-02 02:55:59,026 [INFO] [eBay] Found 1 result(s)
2026-05-02 02:56:13,330 [WARNING] [Newegg] No results
2026-05-02 02:56:35,545 [WARNING] [BestBuy] No results
2026-05-02 02:56:57,803 [INFO] [Walmart] Found 1 result(s)
2026-05-02 02:57:02,908 [INFO] Browser closed.
2026-05-02 02:57:03,575 [INFO] Updated USD/EGP rate: 53.62
2026-05-02 02:57:07,747 [INFO] Email alert sent.
2026-05-02 02:57:08,449 [INFO] Chart saved to: D:\projecttt\PythonProject14\results_iphone_15.png
2026-05-02 02:57:15,090 [ERROR] Heatmap failed: module 'best_buy' has no attribute '_draw_heatmap'
2026-05-02 02:57:19,706 [INFO] Network graph saved to price_network.png
2026-05-02 02:57:21,131 [INFO] 3D plot saved to price_3d.html
